96.07.20 18:09 B C:\TEXT\PAGES\library.htm --> mars.superlink.net /u2/htdocs/mishae library.htm
96.07.20 18:09 B C:\TEXT\PAGES\library1.htm --> mars.superlink.net /u2/htdocs/mishae library1.htm
96.07.20 18:10 B C:\TEXT\PAGES\library2.htm --> mars.superlink.net /u2/htdocs/mishae library2.htm
96.08.10 21:36 B C:\TEXT\PAGES\PAVELG\GIFS\10.gif --> mars.superlink.net /u2/htdocs/pavelg/gifs 10.gif
96.08.10 21:36 B C:\TEXT\PAGES\PAVELG\GIFS\126.gif --> mars.superlink.net /u2/htdocs/pavelg/gifs 126.gif
96.08.10 21:36 B C:\TEXT\PAGES\PAVELG\GIFS\13.gif --> mars.superlink.net /u2/htdocs/pavelg/gifs 13.gif
96.08.10 21:36 B C:\TEXT\PAGES\PAVELG\GIFS\130.gif --> mars.superlink.net /u2/htdocs/pavelg/gifs 130.gif
96.08.10 21:36 B C:\TEXT\PAGES\PAVELG\GIFS\131.gif --> mars.superlink.net /u2/htdocs/pavelg/gifs 131.gif
96.08.10 21:36 B C:\TEXT\PAGES\PAVELG\GIFS\134.gif --> mars.superlink.net /u2/htdocs/pavelg/gifs 134.gif
96.08.10 21:36 B C:\TEXT\PAGES\PAVELG\GIFS\138.gif --> mars.superlink.net /u2/htdocs/pavelg/gifs 138.gif
96.08.10 21:36 B C:\TEXT\PAGES\PAVELG\GIFS\38.gif --> mars.superlink.net /u2/htdocs/pavelg/gifs 38.gif
96.08.10 21:36 B C:\TEXT\PAGES\PAVELG\GIFS\91.gif --> mars.superlink.net /u2/htdocs/pavelg/gifs 91.gif
96.08.10 21:36 B C:\TEXT\PAGES\PAVELG\GIFS\a.gif --> mars.superlink.net /u2/htdocs/pavelg/gifs a.gif
96.08.10 21:36 B C:\TEXT\PAGES\PAVELG\GIFS\ab.gif --> mars.superlink.net /u2/htdocs/pavelg/gifs ab.gif
96.08.10 21:36 B C:\TEXT\PAGES\PAVELG\GIFS\bann01.gif --> mars.superlink.net /u2/htdocs/pavelg/gifs bann01.gif
96.08.10 21:37 B C:\TEXT\PAGES\PAVELG\GIFS\bi.gif --> mars.superlink.net /u2/htdocs/pavelg/gifs bi.gif
96.08.10 21:37 B C:\TEXT\PAGES\PAVELG\GIFS\book_she.gif --> mars.superlink.net /u2/htdocs/pavelg/gifs book_she.gif
96.08.10 21:37 B C:\TEXT\PAGES\PAVELG\GIFS\ci.gif --> mars.superlink.net /u2/htdocs/pavelg/gifs ci.gif
96.08.10 21:37 B C:\TEXT\PAGES\PAVELG\GIFS\colorbar.gif --> mars.superlink.net /u2/htdocs/pavelg/gifs colorbar.gif
96.08.10 21:37 B C:\TEXT\PAGES\PAVELG\GIFS\constr.gif --> mars.superlink.net /u2/htdocs/pavelg/gifs constr.gif
96.08.10 21:37 B C:\TEXT\PAGES\PAVELG\GIFS\cyan.gif --> mars.superlink.net /u2/htdocs/pavelg/gifs cyan.gif
96.08.10 21:37 B C:\TEXT\PAGES\PAVELG\GIFS\e.gif --> mars.superlink.net /u2/htdocs/pavelg/gifs e.gif
96.08.10 21:37 B C:\TEXT\PAGES\PAVELG\GIFS\eb.gif --> mars.superlink.net /u2/htdocs/pavelg/gifs eb.gif
96.08.10 21:37 B C:\TEXT\PAGES\PAVELG\GIFS\email1.gif --> mars.superlink.net /u2/htdocs/pavelg/gifs email1.gif
96.08.10 21:37 B C:\TEXT\PAGES\PAVELG\GIFS\emailed.gif --> mars.superlink.net /u2/htdocs/pavelg/gifs emailed.gif
96.08.10 21:37 B C:\TEXT\PAGES\PAVELG\GIFS\g.gif --> mars.superlink.net /u2/htdocs/pavelg/gifs g.gif
96.08.10 21:37 B C:\TEXT\PAGES\PAVELG\GIFS\gb.gif --> mars.superlink.net /u2/htdocs/pavelg/gifs gb.gif
96.08.10 21:37 B C:\TEXT\PAGES\PAVELG\GIFS\h.gif --> mars.superlink.net /u2/htdocs/pavelg/gifs h.gif
96.08.10 21:37 B C:\TEXT\PAGES\PAVELG\GIFS\hb.gif --> mars.superlink.net /u2/htdocs/pavelg/gifs hb.gif
96.08.10 21:38 B C:\TEXT\PAGES\PAVELG\GIFS\hdwgld3.gif --> mars.superlink.net /u2/htdocs/pavelg/gifs hdwgld3.gif
96.08.10 21:38 B C:\TEXT\PAGES\PAVELG\GIFS\i.gif --> mars.superlink.net /u2/htdocs/pavelg/gifs i.gif
96.08.10 21:38 B C:\TEXT\PAGES\PAVELG\GIFS\ib.gif --> mars.superlink.net /u2/htdocs/pavelg/gifs ib.gif
96.08.10 21:38 B C:\TEXT\PAGES\PAVELG\GIFS\ii_rus.gif --> mars.superlink.net /u2/htdocs/pavelg/gifs ii_rus.gif
96.08.10 21:38 B C:\TEXT\PAGES\PAVELG\GIFS\java.gif --> mars.superlink.net /u2/htdocs/pavelg/gifs java.gif
96.08.10 21:38 B C:\TEXT\PAGES\PAVELG\GIFS\k.gif --> mars.superlink.net /u2/htdocs/pavelg/gifs k.gif
96.08.10 21:38 B C:\TEXT\PAGES\PAVELG\GIFS\l.gif --> mars.superlink.net /u2/htdocs/pavelg/gifs l.gif
96.08.10 21:38 B C:\TEXT\PAGES\PAVELG\GIFS\m.gif --> mars.superlink.net /u2/htdocs/pavelg/gifs m.gif
96.08.10 21:38 B C:\TEXT\PAGES\PAVELG\GIFS\magenta.gif --> mars.superlink.net /u2/htdocs/pavelg/gifs magenta.gif
96.08.10 21:38 B C:\TEXT\PAGES\PAVELG\GIFS\mb.gif --> mars.superlink.net /u2/htdocs/pavelg/gifs mb.gif
96.08.10 21:38 B C:\TEXT\PAGES\PAVELG\GIFS\microsof.gif --> mars.superlink.net /u2/htdocs/pavelg/gifs microsof.gif
96.08.10 21:38 B C:\TEXT\PAGES\PAVELG\GIFS\msexplog.gif --> mars.superlink.net /u2/htdocs/pavelg/gifs msexplog.gif
96.08.10 21:38 B C:\TEXT\PAGES\PAVELG\GIFS\n.gif --> mars.superlink.net /u2/htdocs/pavelg/gifs n.gif
96.08.10 21:38 B C:\TEXT\PAGES\PAVELG\GIFS\nb.gif --> mars.superlink.net /u2/htdocs/pavelg/gifs nb.gif
96.08.10 21:38 B C:\TEXT\PAGES\PAVELG\GIFS\netnow3.gif --> mars.superlink.net /u2/htdocs/pavelg/gifs netnow3.gif
96.08.10 21:39 B C:\TEXT\PAGES\PAVELG\GIFS\netscape.gif --> mars.superlink.net /u2/htdocs/pavelg/gifs netscape.gif
96.08.10 21:39 B C:\TEXT\PAGES\PAVELG\GIFS\now2_8.gif --> mars.superlink.net /u2/htdocs/pavelg/gifs now2_8.gif
96.08.10 21:39 B C:\TEXT\PAGES\PAVELG\GIFS\o.gif --> mars.superlink.net /u2/htdocs/pavelg/gifs o.gif
96.08.10 21:39 B C:\TEXT\PAGES\PAVELG\GIFS\ob.gif --> mars.superlink.net /u2/htdocs/pavelg/gifs ob.gif
96.08.10 21:39 B C:\TEXT\PAGES\PAVELG\GIFS\p.gif --> mars.superlink.net /u2/htdocs/pavelg/gifs p.gif
96.08.10 21:39 B C:\TEXT\PAGES\PAVELG\GIFS\pb.gif --> mars.superlink.net /u2/htdocs/pavelg/gifs pb.gif
96.08.10 21:39 B C:\TEXT\PAGES\PAVELG\GIFS\rb.gif --> mars.superlink.net /u2/htdocs/pavelg/gifs rb.gif
96.08.10 21:39 B C:\TEXT\PAGES\PAVELG\GIFS\ribbon.gif --> mars.superlink.net /u2/htdocs/pavelg/gifs ribbon.gif
96.08.10 21:39 B C:\TEXT\PAGES\PAVELG\GIFS\s.gif --> mars.superlink.net /u2/htdocs/pavelg/gifs s.gif
96.08.10 21:39 B C:\TEXT\PAGES\PAVELG\GIFS\sb.gif --> mars.superlink.net /u2/htdocs/pavelg/gifs sb.gif
96.08.10 21:39 B C:\TEXT\PAGES\PAVELG\GIFS\si.gif --> mars.superlink.net /u2/htdocs/pavelg/gifs si.gif
96.08.10 21:39 B C:\TEXT\PAGES\PAVELG\GIFS\ti.gif --> mars.superlink.net /u2/htdocs/pavelg/gifs ti.gif
96.08.10 21:39 B C:\TEXT\PAGES\PAVELG\GIFS\ub.gif --> mars.superlink.net /u2/htdocs/pavelg/gifs ub.gif
96.08.10 21:39 B C:\TEXT\PAGES\PAVELG\GIFS\vb.gif --> mars.superlink.net /u2/htdocs/pavelg/gifs vb.gif
96.08.10 21:39 B C:\TEXT\PAGES\PAVELG\GIFS\wc-03.gif --> mars.superlink.net /u2/htdocs/pavelg/gifs wc-03.gif
